<?xml version="1.0" encoding="UTF-8"?>
<testsuite xmlns:xsi="http://www.w3.org/2001/XMLSchema-instance" xsi:noNamespaceSchemaLocation="https://maven.apache.org/surefire/maven-surefire-plugin/xsd/surefire-test-report.xsd" version="3.0.2" name="com.example.finanzapp.repository.TransactionRepositoryIntegrationTest" time="0.321" tests="2" errors="0" skipped="0" failures="0">
  <properties>
[...]
</properties>
  <testcase name="findActiveUpToFiltersDeletedAndCutoff" classname="com.example.finanzapp.repository.TransactionRepositoryIntegrationTest" time="0.137">
    <system-out><![CDATA[2026-02-16T20:56:57.067+01:00  INFO 19232 --- [finanzapp-mvp] [           main] t.c.s.AnnotationConfigContextLoaderUtils : Could not detect default configuration classes for test class [com.example.finanzapp.repository.TransactionRepositoryIntegrationTest]: TransactionRepositoryIntegrationTest does not declare any static, non-private, non-final, nested classes annotated with @Configuration.
2026-02-16T20:56:57.069+01:00  INFO 19232 --- [finanzapp-mvp] [           main] .b.t.c.SpringBootTestContextBootstrapper : Found @SpringBootConfiguration com.example.finanzapp.FinanzappApplication for test class com.example.finanzapp.repository.TransactionRepositoryIntegrationTest
]]></system-out>
  </testcase>
  <testcase name="findByUserAndDeletedAtIsNullOrdersByBookingDateTimeDesc" classname="com.example.finanzapp.repository.TransactionRepositoryIntegrationTest" time="0.174"/>
</testsuite>