<?xml version="1.0" encoding="UTF-8"?>
<testsuite xmlns:xsi="http://www.w3.org/2001/XMLSchema-instance" xsi:noNamespaceSchemaLocation="https://maven.apache.org/surefire/maven-surefire-plugin/xsd/surefire-test-report.xsd" version="3.0.2" name="com.example.finanzapp.web.PagesControllerTest" time="1.696" tests="15" errors="0" skipped="0" failures="0">
  <properties>
[...]
</properties>
  <testcase name="loginPageLoads" classname="com.example.finanzapp.web.PagesControllerTest" time="0.048">
    <system-out><![CDATA[2026-02-16T20:56:54.086+01:00  INFO 19232 --- [finanzapp-mvp] [           main] t.c.s.AnnotationConfigContextLoaderUtils : Could not detect default configuration classes for test class [com.example.finanzapp.web.PagesControllerTest]: PagesControllerTest does not declare any static, non-private, non-final, nested classes annotated with @Configuration.
2026-02-16T20:56:54.091+01:00  INFO 19232 --- [finanzapp-mvp] [           main] .b.t.c.SpringBootTestContextBootstrapper : Found @SpringBootConfiguration com.example.finanzapp.FinanzappApplication for test class com.example.finanzapp.web.PagesControllerTest
2026-02-16T20:56:54.096+01:00  INFO 19232 --- [finanzapp-mvp] [           main] o.s.b.d.r.RestartApplicationListener     : Restart disabled due to context in which it is running

  .   ____          _            __ _ _
 /\\ / ___'_ __ _ _(_)_ __  __ _ \ \ \ \
( ( )\___ | '_ | '_| | '_ \/ _` | \ \ \ \
 \\/  ___)| |_)| | | | | || (_| |  ) ) ) )
  '  |____| .__|_| |_|_| |_\__, | / / / /
 =========|_|==============|___/=/_/_/_/

 :: Spring Boot ::                (v3.4.2)

2026-02-16T20:56:54.129+01:00  INFO 19232 --- [finanzapp-mvp] [           main] c.e.finanzapp.web.PagesControllerTest    : Starting PagesControllerTest using Java 21.0.10 with PID 19232 (started by philipp in /home/philipp/Dokumente/code/finanztool/finanzapp-mvp)
2026-02-16T20:56:54.129+01:00  INFO 19232 --- [finanzapp-mvp] [           main] c.e.finanzapp.web.PagesControllerTest    : No active profile set, falling back to 1 default profile: "default"
2026-02-16T20:56:54.334+01:00  INFO 19232 --- [finanzapp-mvp] [           main] .s.d.r.c.RepositoryConfigurationDelegate : Bootstrapping Spring Data JPA repositories in DEFAULT mode.
2026-02-16T20:56:54.346+01:00  INFO 19232 --- [finanzapp-mvp] [           main] .s.d.r.c.RepositoryConfigurationDelegate : Finished Spring Data repository scanning in 11 ms. Found 4 JPA repository interfaces.
2026-02-16T20:56:54.591+01:00  INFO 19232 --- [finanzapp-mvp] [           main] com.zaxxer.hikari.HikariDataSource       : HikariPool-2 - Starting...
2026-02-16T20:56:54.592+01:00  INFO 19232 --- [finanzapp-mvp] [           main] com.zaxxer.hikari.pool.HikariPool        : HikariPool-2 - Added connection org.sqlite.jdbc4.JDBC4Connection@2da788b
2026-02-16T20:56:54.592+01:00  INFO 19232 --- [finanzapp-mvp] [           main] com.zaxxer.hikari.HikariDataSource       : HikariPool-2 - Start completed.
2026-02-16T20:56:54.593+01:00  INFO 19232 --- [finanzapp-mvp] [           main] org.flywaydb.core.FlywayExecutor         : Database: jdbc:sqlite:target/test-finanzapp.db (SQLite 3.46)
2026-02-16T20:56:54.600+01:00  INFO 19232 --- [finanzapp-mvp] [           main] o.f.core.internal.command.DbValidate     : Successfully validated 6 migrations (execution time 00:00.005s)
2026-02-16T20:56:54.601+01:00  INFO 19232 --- [finanzapp-mvp] [           main] o.f.core.internal.command.DbMigrate      : Current version of schema "main": 6
2026-02-16T20:56:54.601+01:00  INFO 19232 --- [finanzapp-mvp] [           main] o.f.core.internal.command.DbMigrate      : Schema "main" is up to date. No migration necessary.
2026-02-16T20:56:54.637+01:00  INFO 19232 --- [finanzapp-mvp] [           main] o.hibernate.jpa.internal.util.LogHelper  : HHH000204: Processing PersistenceUnitInfo [name: default]
2026-02-16T20:56:54.643+01:00  INFO 19232 --- [finanzapp-mvp] [           main] o.h.c.internal.RegionFactoryInitiator    : HHH000026: Second-level cache disabled
2026-02-16T20:56:54.655+01:00  INFO 19232 --- [finanzapp-mvp] [           main] o.s.o.j.p.SpringPersistenceUnitInfo      : No LoadTimeWeaver setup: ignoring JPA class transformer
2026-02-16T20:56:54.664+01:00  INFO 19232 --- [finanzapp-mvp] [           main] org.hibernate.orm.connections.pooling    : HHH10001005: Database info:
	Database JDBC URL [Connecting through datasource 'HikariDataSource (HikariPool-2)']
	Database driver: undefined/unknown
	Database version: 3.46
	Autocommit mode: undefined/unknown
	Isolation level: undefined/unknown
	Minimum pool size: undefined/unknown
	Maximum pool size: undefined/unknown
2026-02-16T20:56:54.817+01:00  INFO 19232 --- [finanzapp-mvp] [           main] o.h.e.t.j.p.i.JtaPlatformInitiator       : HHH000489: No JTA platform available (set 'hibernate.transaction.jta.platform' to enable JTA platform integration)
2026-02-16T20:56:54.823+01:00  INFO 19232 --- [finanzapp-mvp] [           main] j.LocalContainerEntityManagerFactoryBean : Initialized JPA EntityManagerFactory for persistence unit 'default'
2026-02-16T20:56:54.862+01:00  INFO 19232 --- [finanzapp-mvp] [           main] r$InitializeUserDetailsManagerConfigurer : Global AuthenticationManager configured with UserDetailsService bean with name databaseUserDetailsService
2026-02-16T20:56:55.116+01:00  INFO 19232 --- [finanzapp-mvp] [           main] o.s.b.t.m.w.SpringBootMockServletContext : Initializing Spring TestDispatcherServlet ''
2026-02-16T20:56:55.117+01:00  INFO 19232 --- [finanzapp-mvp] [           main] o.s.t.web.servlet.TestDispatcherServlet  : Initializing Servlet ''
2026-02-16T20:56:55.117+01:00  INFO 19232 --- [finanzapp-mvp] [           main] o.s.t.web.servlet.TestDispatcherServlet  : Completed initialization in 0 ms
2026-02-16T20:56:55.126+01:00  INFO 19232 --- [finanzapp-mvp] [           main] c.e.finanzapp.web.PagesControllerTest    : Started PagesControllerTest in 1.031 seconds (process running for 9.579)
]]></system-out>
  </testcase>
  <testcase name="registerPageLoads" classname="com.example.finanzapp.web.PagesControllerTest" time="0.053"/>
  <testcase name="overviewLoadsForAuthenticatedUser" classname="com.example.finanzapp.web.PagesControllerTest" time="0.063"/>
  <testcase name="overviewRedirectsWhenUnauthenticated" classname="com.example.finanzapp.web.PagesControllerTest" time="0.007"/>
  <testcase name="csvUploadRedirectsWithSuccessMessage" classname="com.example.finanzapp.web.PagesControllerTest" time="0.017"/>
  <testcase name="loginRestoresLanguageFromSettings" classname="com.example.finanzapp.web.PagesControllerTest" time="0.259"/>
  <testcase name="updateProfilePersistsDisplayName" classname="com.example.finanzapp.web.PagesControllerTest" time="0.031"/>
  <testcase name="deleteAccountRedirectsToLogin" classname="com.example.finanzapp.web.PagesControllerTest" time="0.022"/>
  <testcase name="overviewCsvUploadRedirectsWithSuccessMessage" classname="com.example.finanzapp.web.PagesControllerTest" time="0.005"/>
  <testcase name="transactionsPageLoadsForAuthenticatedUser" classname="com.example.finanzapp.web.PagesControllerTest" time="0.024"/>
  <testcase name="settingsPageLoadsForAuthenticatedUser" classname="com.example.finanzapp.web.PagesControllerTest" time="0.017"/>
  <testcase name="deleteAllDataRedirectsToOverview" classname="com.example.finanzapp.web.PagesControllerTest" time="0.008"/>
  <testcase name="csvUploadRedirectsWithErrorMessage" classname="com.example.finanzapp.web.PagesControllerTest" time="0.008"/>
  <testcase name="updateLanguagePersistsLanguage" classname="com.example.finanzapp.web.PagesControllerTest" time="0.027"/>
  <testcase name="deleteTransactionRedirects" classname="com.example.finanzapp.web.PagesControllerTest" time="0.046"/>
</testsuite>