<?xml version="1.0" encoding="UTF-8"?>
<testsuite xmlns:xsi="http://www.w3.org/2001/XMLSchema-instance" xsi:noNamespaceSchemaLocation="https://maven.apache.org/surefire/maven-surefire-plugin/xsd/surefire-test-report.xsd" version="3.0.2" name="com.example.finanzapp.cucumber.CucumberTest" time="9.727" tests="26" errors="0" skipped="0" failures="0">
  <properties>
[...]
</properties>
  <testcase name="Login page is accessible" classname="Authentication and protected access" time="0.701">
    <system-out><![CDATA[2026-02-16T20:57:24.646+01:00  INFO 19232 --- [finanzapp-mvp] [           main] t.c.s.AnnotationConfigContextLoaderUtils : Could not detect default configuration classes for test class [com.example.finanzapp.cucumber.CucumberSpringConfiguration]: CucumberSpringConfiguration does not declare any static, non-private, non-final, nested classes annotated with @Configuration.
2026-02-16T20:57:24.651+01:00  INFO 19232 --- [finanzapp-mvp] [           main] .b.t.c.SpringBootTestContextBootstrapper : Found @SpringBootConfiguration com.example.finanzapp.FinanzappApplication for test class com.example.finanzapp.cucumber.CucumberSpringConfiguration
2026-02-16T20:57:24.654+01:00  INFO 19232 --- [finanzapp-mvp] [           main] o.s.b.d.r.RestartApplicationListener     : Restart disabled due to context in which it is running

  .   ____          _            __ _ _
 /\\ / ___'_ __ _ _(_)_ __  __ _ \ \ \ \
( ( )\___ | '_ | '_| | '_ \/ _` | \ \ \ \
 \\/  ___)| |_)| | | | | || (_| |  ) ) ) )
  '  |____| .__|_| |_|_| |_\__, | / / / /
 =========|_|==============|___/=/_/_/_/

 :: Spring Boot ::                (v3.4.2)

2026-02-16T20:57:24.667+01:00  INFO 19232 --- [finanzapp-mvp] [           main] c.e.f.c.CucumberSpringConfiguration      : Starting CucumberSpringConfiguration using Java 21.0.10 with PID 19232 (started by philipp in /home/philipp/Dokumente/code/finanztool/finanzapp-mvp)
2026-02-16T20:57:24.667+01:00  INFO 19232 --- [finanzapp-mvp] [           main] c.e.f.c.CucumberSpringConfiguration      : No active profile set, falling back to 1 default profile: "default"
2026-02-16T20:57:24.813+01:00  INFO 19232 --- [finanzapp-mvp] [           main] .s.d.r.c.RepositoryConfigurationDelegate : Bootstrapping Spring Data JPA repositories in DEFAULT mode.
2026-02-16T20:57:24.822+01:00  INFO 19232 --- [finanzapp-mvp] [           main] .s.d.r.c.RepositoryConfigurationDelegate : Finished Spring Data repository scanning in 8 ms. Found 4 JPA repository interfaces.
2026-02-16T20:57:24.879+01:00  INFO 19232 --- [finanzapp-mvp] [           main] o.s.b.w.embedded.tomcat.TomcatWebServer  : Tomcat initialized with port 0 (http)
2026-02-16T20:57:24.880+01:00  INFO 19232 --- [finanzapp-mvp] [           main] o.apache.catalina.core.StandardService   : Starting service [Tomcat]
2026-02-16T20:57:24.880+01:00  INFO 19232 --- [finanzapp-mvp] [           main] o.apache.catalina.core.StandardEngine    : Starting Servlet engine: [Apache Tomcat/10.1.34]
2026-02-16T20:57:24.894+01:00  INFO 19232 --- [finanzapp-mvp] [           main] o.a.c.c.C.[Tomcat-1].[localhost].[/]     : Initializing Spring embedded WebApplicationContext
2026-02-16T20:57:24.895+01:00  INFO 19232 --- [finanzapp-mvp] [           main] w.s.c.ServletWebServerApplicationContext : Root WebApplicationContext: initialization completed in 227 ms
2026-02-16T20:57:24.937+01:00  INFO 19232 --- [finanzapp-mvp] [           main] com.zaxxer.hikari.HikariDataSource       : HikariPool-6 - Starting...
2026-02-16T20:57:24.938+01:00  INFO 19232 --- [finanzapp-mvp] [           main] com.zaxxer.hikari.pool.HikariPool        : HikariPool-6 - Added connection org.sqlite.jdbc4.JDBC4Connection@38bd0e54
2026-02-16T20:57:24.939+01:00  INFO 19232 --- [finanzapp-mvp] [           main] com.zaxxer.hikari.HikariDataSource       : HikariPool-6 - Start completed.
2026-02-16T20:57:24.939+01:00  INFO 19232 --- [finanzapp-mvp] [           main] org.flywaydb.core.FlywayExecutor         : Database: jdbc:sqlite:target/test-finanzapp.db (SQLite 3.46)
2026-02-16T20:57:24.944+01:00  INFO 19232 --- [finanzapp-mvp] [           main] o.f.core.internal.command.DbValidate     : Successfully validated 6 migrations (execution time 00:00.003s)
2026-02-16T20:57:24.945+01:00  INFO 19232 --- [finanzapp-mvp] [           main] o.f.core.internal.command.DbMigrate      : Current version of schema "main": 6
2026-02-16T20:57:24.945+01:00  INFO 19232 --- [finanzapp-mvp] [           main] o.f.core.internal.command.DbMigrate      : Schema "main" is up to date. No migration necessary.
2026-02-16T20:57:24.960+01:00  INFO 19232 --- [finanzapp-mvp] [           main] o.hibernate.jpa.internal.util.LogHelper  : HHH000204: Processing PersistenceUnitInfo [name: default]
2026-02-16T20:57:24.963+01:00  INFO 19232 --- [finanzapp-mvp] [           main] o.h.c.internal.RegionFactoryInitiator    : HHH000026: Second-level cache disabled
2026-02-16T20:57:24.971+01:00  INFO 19232 --- [finanzapp-mvp] [           main] o.s.o.j.p.SpringPersistenceUnitInfo      : No LoadTimeWeaver setup: ignoring JPA class transformer
2026-02-16T20:57:24.972+01:00  INFO 19232 --- [finanzapp-mvp] [           main] org.hibernate.orm.connections.pooling    : HHH10001005: Database info:
	Database JDBC URL [Connecting through datasource 'HikariDataSource (HikariPool-6)']
	Database driver: undefined/unknown
	Database version: 3.46
	Autocommit mode: undefined/unknown
	Isolation level: undefined/unknown
	Minimum pool size: undefined/unknown
	Maximum pool size: undefined/unknown
2026-02-16T20:57:25.049+01:00  INFO 19232 --- [finanzapp-mvp] [           main] o.h.e.t.j.p.i.JtaPlatformInitiator       : HHH000489: No JTA platform available (set 'hibernate.transaction.jta.platform' to enable JTA platform integration)
2026-02-16T20:57:25.052+01:00  INFO 19232 --- [finanzapp-mvp] [           main] j.LocalContainerEntityManagerFactoryBean : Initialized JPA EntityManagerFactory for persistence unit 'default'
2026-02-16T20:57:25.069+01:00  INFO 19232 --- [finanzapp-mvp] [           main] r$InitializeUserDetailsManagerConfigurer : Global AuthenticationManager configured with UserDetailsService bean with name databaseUserDetailsService
2026-02-16T20:57:25.207+01:00  INFO 19232 --- [finanzapp-mvp] [           main] o.a.c.c.C.[Tomcat-1].[localhost].[/]     : Initializing Spring TestDispatcherServlet ''
2026-02-16T20:57:25.207+01:00  INFO 19232 --- [finanzapp-mvp] [           main] o.s.t.web.servlet.TestDispatcherServlet  : Initializing Servlet ''
2026-02-16T20:57:25.208+01:00  INFO 19232 --- [finanzapp-mvp] [           main] o.s.t.web.servlet.TestDispatcherServlet  : Completed initialization in 1 ms
2026-02-16T20:57:25.219+01:00  INFO 19232 --- [finanzapp-mvp] [           main] o.s.b.w.embedded.tomcat.TomcatWebServer  : Tomcat started on port 36183 (http) with context path '/'
2026-02-16T20:57:25.222+01:00  INFO 19232 --- [finanzapp-mvp] [           main] c.e.f.c.CucumberSpringConfiguration      : Started CucumberSpringConfiguration in 0.569 seconds (process running for 39.675)

Scenario: Login page is accessible &amp#27;[90m# features/authentication.feature:2&amp#27;[0m
  &amp#27;[32mGiven &amp#27;[0m&amp#27;[32mI am not logged in&amp#27;[0m         &amp#27;[90m# com.example.finanzapp.cucumber.WebSteps.iAmNotLoggedIn()&amp#27;[0m
  &amp#27;[32mWhen &amp#27;[0m&amp#27;[32mI request &amp#27;[0m&amp#27;[32m&amp#27;[1m"/login"&amp#27;[0m          &amp#27;[90m# com.example.finanzapp.cucumber.WebSteps.iRequest(java.lang.String)&amp#27;[0m
  &amp#27;[32mThen &amp#27;[0m&amp#27;[32mI see text &amp#27;[0m&amp#27;[32m&amp#27;[1m"Login"&amp#27;[0m          &amp#27;[90m# com.example.finanzapp.cucumber.WebSteps.iSeeText(java.lang.String)&amp#27;[0m
]]></system-out>
  </testcase>
  <testcase name="Register page is accessible" classname="Authentication and protected access" time="0.048">
    <system-out><![CDATA[2026-02-16T20:57:25.332+01:00  INFO 19232 --- [finanzapp-mvp] [           main] t.c.s.AnnotationConfigContextLoaderUtils : Could not detect default configuration classes for test class [com.example.finanzapp.cucumber.CucumberSpringConfiguration]: CucumberSpringConfiguration does not declare any static, non-private, non-final, nested classes annotated with @Configuration.
2026-02-16T20:57:25.335+01:00  INFO 19232 --- [finanzapp-mvp] [           main] .b.t.c.SpringBootTestContextBootstrapper : Found @SpringBootConfiguration com.example.finanzapp.FinanzappApplication for test class com.example.finanzapp.cucumber.CucumberSpringConfiguration

Scenario: Register page is accessible &amp#27;[90m# features/authentication.feature:7&amp#27;[0m
  &amp#27;[32mGiven &amp#27;[0m&amp#27;[32mI am not logged in&amp#27;[0m            &amp#27;[90m# com.example.finanzapp.cucumber.WebSteps.iAmNotLoggedIn()&amp#27;[0m
  &amp#27;[32mWhen &amp#27;[0m&amp#27;[32mI request &amp#27;[0m&amp#27;[32m&amp#27;[1m"/register"&amp#27;[0m          &amp#27;[90m# com.example.finanzapp.cucumber.WebSteps.iRequest(java.lang.String)&amp#27;[0m
  &amp#27;[32mThen &amp#27;[0m&amp#27;[32mI see text &amp#27;[0m&amp#27;[32m&amp#27;[1m"Create account"&amp#27;[0m    &amp#27;[90m# com.example.finanzapp.cucumber.WebSteps.iSeeText(java.lang.String)&amp#27;[0m
]]></system-out>
  </testcase>
  <testcase name="Registration with valid data creates a user and logs in" classname="Authentication and protected access" time="0.298">
    <system-out><![CDATA[2026-02-16T20:57:25.380+01:00  INFO 19232 --- [finanzapp-mvp] [           main] t.c.s.AnnotationConfigContextLoaderUtils : Could not detect default configuration classes for test class [com.example.finanzapp.cucumber.CucumberSpringConfiguration]: CucumberSpringConfiguration does not declare any static, non-private, non-final, nested classes annotated with @Configuration.
2026-02-16T20:57:25.382+01:00  INFO 19232 --- [finanzapp-mvp] [           main] .b.t.c.SpringBootTestContextBootstrapper : Found @SpringBootConfiguration com.example.finanzapp.FinanzappApplication for test class com.example.finanzapp.cucumber.CucumberSpringConfiguration

Scenario: Registration with valid data creates a user and logs in              &amp#27;[90m# features/authentication.feature:12&amp#27;[0m
  &amp#27;[32mGiven &amp#27;[0m&amp#27;[32mI am on the registration page&amp#27;[0m                                          &amp#27;[90m# com.example.finanzapp.cucumber.WebSteps.iAmOnTheRegistrationPage()&amp#27;[0m
  &amp#27;[32mWhen &amp#27;[0m&amp#27;[32mI register with email &amp#27;[0m&amp#27;[32m&amp#27;[1m"new-user@example.com"&amp#27;[0m&amp#27;[32m and password &amp#27;[0m&amp#27;[32m&amp#27;[1m"password123"&amp#27;[0m &amp#27;[90m# com.example.finanzapp.cucumber.WebSteps.iRegisterWithEmailAndPassword(java.lang.String,java.lang.String)&amp#27;[0m
  &amp#27;[32mAnd &amp#27;[0m&amp#27;[32mI submit the registration form&amp#27;[0m                                           &amp#27;[90m# com.example.finanzapp.cucumber.WebSteps.iSubmitTheRegistrationForm()&amp#27;[0m
  &amp#27;[32mThen &amp#27;[0m&amp#27;[32ma user account exists for &amp#27;[0m&amp#27;[32m&amp#27;[1m"new-user@example.com"&amp#27;[0m                        &amp#27;[90m# com.example.finanzapp.cucumber.WebSteps.aUserAccountExistsFor(java.lang.String)&amp#27;[0m
  &amp#27;[32mAnd &amp#27;[0m&amp#27;[32mI am authenticated&amp#27;[0m                                                       &amp#27;[90m# com.example.finanzapp.cucumber.WebSteps.iAmAuthenticated()&amp#27;[0m
  &amp#27;[32mAnd &amp#27;[0m&amp#27;[32mI am redirected to &amp#27;[0m&amp#27;[32m&amp#27;[1m"/overview"&amp#27;[0m                                           &amp#27;[90m# com.example.finanzapp.cucumber.WebSteps.iAmRedirectedTo(java.lang.String)&amp#27;[0m
]]></system-out>
  </testcase>
  <testcase name="Registration with duplicate email is rejected" classname="Authentication and protected access" time="0.131">
    <system-out><![CDATA[2026-02-16T20:57:25.678+01:00  INFO 19232 --- [finanzapp-mvp] [           main] t.c.s.AnnotationConfigContextLoaderUtils : Could not detect default configuration classes for test class [com.example.finanzapp.cucumber.CucumberSpringConfiguration]: CucumberSpringConfiguration does not declare any static, non-private, non-final, nested classes annotated with @Configuration.
2026-02-16T20:57:25.680+01:00  INFO 19232 --- [finanzapp-mvp] [           main] .b.t.c.SpringBootTestContextBootstrapper : Found @SpringBootConfiguration com.example.finanzapp.FinanzappApplication for test class com.example.finanzapp.cucumber.CucumberSpringConfiguration

Scenario: Registration with duplicate email is rejected                    &amp#27;[90m# features/authentication.feature:20&amp#27;[0m
  &amp#27;[32mGiven &amp#27;[0m&amp#27;[32man account exists for &amp#27;[0m&amp#27;[32m&amp#27;[1m"user@example.com"&amp#27;[0m                           &amp#27;[90m# com.example.finanzapp.cucumber.WebSteps.anAccountExistsFor(java.lang.String)&amp#27;[0m
  &amp#27;[32mAnd &amp#27;[0m&amp#27;[32mI am on the registration page&amp#27;[0m                                        &amp#27;[90m# com.example.finanzapp.cucumber.WebSteps.iAmOnTheRegistrationPage()&amp#27;[0m
  &amp#27;[32mWhen &amp#27;[0m&amp#27;[32mI register with email &amp#27;[0m&amp#27;[32m&amp#27;[1m"user@example.com"&amp#27;[0m&amp#27;[32m and password &amp#27;[0m&amp#27;[32m&amp#27;[1m"password123"&amp#27;[0m &amp#27;[90m# com.example.finanzapp.cucumber.WebSteps.iRegisterWithEmailAndPassword(java.lang.String,java.lang.String)&amp#27;[0m
  &amp#27;[32mAnd &amp#27;[0m&amp#27;[32mI submit the registration form&amp#27;[0m                                       &amp#27;[90m# com.example.finanzapp.cucumber.WebSteps.iSubmitTheRegistrationForm()&amp#27;[0m
  &amp#27;[32mThen &amp#27;[0m&amp#27;[32mI see text &amp#27;[0m&amp#27;[32m&amp#27;[1m"Email already in use."&amp#27;[0m                                  &amp#27;[90m# com.example.finanzapp.cucumber.WebSteps.iSeeText(java.lang.String)&amp#27;[0m
]]></system-out>
  </testcase>
  <testcase name="Registration with weak password is rejected" classname="Authentication and protected access" time="0.047">
    <system-out><![CDATA[2026-02-16T20:57:25.809+01:00  INFO 19232 --- [finanzapp-mvp] [           main] t.c.s.AnnotationConfigContextLoaderUtils : Could not detect default configuration classes for test class [com.example.finanzapp.cucumber.CucumberSpringConfiguration]: CucumberSpringConfiguration does not declare any static, non-private, non-final, nested classes annotated with @Configuration.
2026-02-16T20:57:25.810+01:00  INFO 19232 --- [finanzapp-mvp] [           main] .b.t.c.SpringBootTestContextBootstrapper : Found @SpringBootConfiguration com.example.finanzapp.FinanzappApplication for test class com.example.finanzapp.cucumber.CucumberSpringConfiguration

Scenario: Registration with weak password is rejected                &amp#27;[90m# features/authentication.feature:27&amp#27;[0m
  &amp#27;[32mGiven &amp#27;[0m&amp#27;[32mI have no account with email &amp#27;[0m&amp#27;[32m&amp#27;[1m"weak@example.com"&amp#27;[0m              &amp#27;[90m# com.example.finanzapp.cucumber.WebSteps.iHaveNoAccountWithEmail(java.lang.String)&amp#27;[0m
  &amp#27;[32mAnd &amp#27;[0m&amp#27;[32mI am on the registration page&amp#27;[0m                                  &amp#27;[90m# com.example.finanzapp.cucumber.WebSteps.iAmOnTheRegistrationPage()&amp#27;[0m
  &amp#27;[32mWhen &amp#27;[0m&amp#27;[32mI register with email &amp#27;[0m&amp#27;[32m&amp#27;[1m"weak@example.com"&amp#27;[0m&amp#27;[32m and password &amp#27;[0m&amp#27;[32m&amp#27;[1m"short"&amp#27;[0m &amp#27;[90m# com.example.finanzapp.cucumber.WebSteps.iRegisterWithEmailAndPassword(java.lang.String,java.lang.String)&amp#27;[0m
  &amp#27;[32mAnd &amp#27;[0m&amp#27;[32mI submit the registration form&amp#27;[0m                                 &amp#27;[90m# com.example.finanzapp.cucumber.WebSteps.iSubmitTheRegistrationForm()&amp#27;[0m
  &amp#27;[32mThen &amp#27;[0m&amp#27;[32mI see text &amp#27;[0m&amp#27;[32m&amp#27;[1m"Password must be at least 8 characters."&amp#27;[0m          &amp#27;[90m# com.example.finanzapp.cucumber.WebSteps.iSeeText(java.lang.String)&amp#27;[0m
  &amp#27;[32mAnd &amp#27;[0m&amp#27;[32mno user account exists for &amp#27;[0m&amp#27;[32m&amp#27;[1m"weak@example.com"&amp#27;[0m                  &amp#27;[90m# com.example.finanzapp.cucumber.WebSteps.noUserAccountExistsFor(java.lang.String)&amp#27;[0m
]]></system-out>
  </testcase>
  <testcase name="Login with correct credentials redirects to overview" classname="Authentication and protected access" time="0.195">
    <system-out><![CDATA[2026-02-16T20:57:25.856+01:00  INFO 19232 --- [finanzapp-mvp] [           main] t.c.s.AnnotationConfigContextLoaderUtils : Could not detect default configuration classes for test class [com.example.finanzapp.cucumber.CucumberSpringConfiguration]: CucumberSpringConfiguration does not declare any static, non-private, non-final, nested classes annotated with @Configuration.
2026-02-16T20:57:25.857+01:00  INFO 19232 --- [finanzapp-mvp] [           main] .b.t.c.SpringBootTestContextBootstrapper : Found @SpringBootConfiguration com.example.finanzapp.FinanzappApplication for test class com.example.finanzapp.cucumber.CucumberSpringConfiguration

Scenario: Login with correct credentials redirects to overview                         &amp#27;[90m# features/authentication.feature:35&amp#27;[0m
  &amp#27;[32mGiven &amp#27;[0m&amp#27;[32mI have a user account with email &amp#27;[0m&amp#27;[32m&amp#27;[1m"user@example.com"&amp#27;[0m&amp#27;[32m and password &amp#27;[0m&amp#27;[32m&amp#27;[1m"password123"&amp#27;[0m &amp#27;[90m# com.example.finanzapp.cucumber.WebSteps.iHaveAUserAccountWithEmailAndPassword(java.lang.String,java.lang.String)&amp#27;[0m
  &amp#27;[32mAnd &amp#27;[0m&amp#27;[32mI am not logged in&amp#27;[0m                                                               &amp#27;[90m# com.example.finanzapp.cucumber.WebSteps.iAmNotLoggedIn()&amp#27;[0m
  &amp#27;[32mWhen &amp#27;[0m&amp#27;[32mI log in with email &amp#27;[0m&amp#27;[32m&amp#27;[1m"user@example.com"&amp#27;[0m&amp#27;[32m and password &amp#27;[0m&amp#27;[32m&amp#27;[1m"password123"&amp#27;[0m               &amp#27;[90m# com.example.finanzapp.cucumber.WebSteps.iLogInWithEmailAndPassword(java.lang.String,java.lang.String)&amp#27;[0m
  &amp#27;[32mThen &amp#27;[0m&amp#27;[32mI am redirected to &amp#27;[0m&amp#27;[32m&amp#27;[1m"/overview"&amp#27;[0m                                                  &amp#27;[90m# com.example.finanzapp.cucumber.WebSteps.iAmRedirectedTo(java.lang.String)&amp#27;[0m
]]></system-out>
  </testcase>
  <testcase name="Login with wrong password is rejected" classname="Authentication and protected access" time="0.201">
    <system-out><![CDATA[2026-02-16T20:57:26.052+01:00  INFO 19232 --- [finanzapp-mvp] [           main] t.c.s.AnnotationConfigContextLoaderUtils : Could not detect default configuration classes for test class [com.example.finanzapp.cucumber.CucumberSpringConfiguration]: CucumberSpringConfiguration does not declare any static, non-private, non-final, nested classes annotated with @Configuration.
2026-02-16T20:57:26.055+01:00  INFO 19232 --- [finanzapp-mvp] [           main] .b.t.c.SpringBootTestContextBootstrapper : Found @SpringBootConfiguration com.example.finanzapp.FinanzappApplication for test class com.example.finanzapp.cucumber.CucumberSpringConfiguration

Scenario: Login with wrong password is rejected                                        &amp#27;[90m# features/authentication.feature:41&amp#27;[0m
  &amp#27;[32mGiven &amp#27;[0m&amp#27;[32mI have a user account with email &amp#27;[0m&amp#27;[32m&amp#27;[1m"user@example.com"&amp#27;[0m&amp#27;[32m and password &amp#27;[0m&amp#27;[32m&amp#27;[1m"password123"&amp#27;[0m &amp#27;[90m# com.example.finanzapp.cucumber.WebSteps.iHaveAUserAccountWithEmailAndPassword(java.lang.String,java.lang.String)&amp#27;[0m
  &amp#27;[32mAnd &amp#27;[0m&amp#27;[32mI am not logged in&amp#27;[0m                                                               &amp#27;[90m# com.example.finanzapp.cucumber.WebSteps.iAmNotLoggedIn()&amp#27;[0m
  &amp#27;[32mWhen &amp#27;[0m&amp#27;[32mI log in with email &amp#27;[0m&amp#27;[32m&amp#27;[1m"user@example.com"&amp#27;[0m&amp#27;[32m and password &amp#27;[0m&amp#27;[32m&amp#27;[1m"wrong-password"&amp#27;[0m            &amp#27;[90m# com.example.finanzapp.cucumber.WebSteps.iLogInWithEmailAndPassword(java.lang.String,java.lang.String)&amp#27;[0m
  &amp#27;[32mThen &amp#27;[0m&amp#27;[32mI am redirected to login with an auth error&amp#27;[0m                                     &amp#27;[90m# com.example.finanzapp.cucumber.WebSteps.iAmRedirectedToLoginWithAnAuthError()&amp#27;[0m
  &amp#27;[32mAnd &amp#27;[0m&amp#27;[32mI remain logged out&amp#27;[0m                                                              &amp#27;[90m# com.example.finanzapp.cucumber.WebSteps.iRemainLoggedOut()&amp#27;[0m
]]></system-out>
  </testcase>
  <testcase name="Unauthenticated user is redirected to login" classname="Authentication and protected access" time="0.035">
    <system-out><![CDATA[2026-02-16T20:57:26.252+01:00  INFO 19232 --- [finanzapp-mvp] [           main] t.c.s.AnnotationConfigContextLoaderUtils : Could not detect default configuration classes for test class [com.example.finanzapp.cucumber.CucumberSpringConfiguration]: CucumberSpringConfiguration does not declare any static, non-private, non-final, nested classes annotated with @Configuration.
2026-02-16T20:57:26.254+01:00  INFO 19232 --- [finanzapp-mvp] [           main] .b.t.c.SpringBootTestContextBootstrapper : Found @SpringBootConfiguration com.example.finanzapp.FinanzappApplication for test class com.example.finanzapp.cucumber.CucumberSpringConfiguration

Scenario: Unauthenticated user is redirected to login &amp#27;[90m# features/authentication.feature:48&amp#27;[0m
  &amp#27;[32mGiven &amp#27;[0m&amp#27;[32mI am not logged in&amp#27;[0m                            &amp#27;[90m# com.example.finanzapp.cucumber.WebSteps.iAmNotLoggedIn()&amp#27;[0m
  &amp#27;[32mWhen &amp#27;[0m&amp#27;[32mI request &amp#27;[0m&amp#27;[32m&amp#27;[1m"/overview"&amp#27;[0m                          &amp#27;[90m# com.example.finanzapp.cucumber.WebSteps.iRequest(java.lang.String)&amp#27;[0m
  &amp#27;[32mThen &amp#27;[0m&amp#27;[32mI am redirected to login&amp#27;[0m                       &amp#27;[90m# com.example.finanzapp.cucumber.WebSteps.iAmRedirectedToLogin()&amp#27;[0m
]]></system-out>
  </testcase>
  <testcase name="Authenticated user can open dashboard" classname="Authentication and protected access" time="0.116">
    <system-out><![CDATA[2026-02-16T20:57:26.288+01:00  INFO 19232 --- [finanzapp-mvp] [           main] t.c.s.AnnotationConfigContextLoaderUtils : Could not detect default configuration classes for test class [com.example.finanzapp.cucumber.CucumberSpringConfiguration]: CucumberSpringConfiguration does not declare any static, non-private, non-final, nested classes annotated with @Configuration.
2026-02-16T20:57:26.289+01:00  INFO 19232 --- [finanzapp-mvp] [           main] .b.t.c.SpringBootTestContextBootstrapper : Found @SpringBootConfiguration com.example.finanzapp.FinanzappApplication for test class com.example.finanzapp.cucumber.CucumberSpringConfiguration

Scenario: Authenticated user can open dashboard &amp#27;[90m# features/authentication.feature:53&amp#27;[0m
  &amp#27;[32mGiven &amp#27;[0m&amp#27;[32mI am logged in&amp#27;[0m                          &amp#27;[90m# com.example.finanzapp.cucumber.WebSteps.iAmLoggedIn()&amp#27;[0m
  &amp#27;[32mWhen &amp#27;[0m&amp#27;[32mI request &amp#27;[0m&amp#27;[32m&amp#27;[1m"/overview"&amp#27;[0m                    &amp#27;[90m# com.example.finanzapp.cucumber.WebSteps.iRequest(java.lang.String)&amp#27;[0m
  &amp#27;[32mThen &amp#27;[0m&amp#27;[32mI see text &amp#27;[0m&amp#27;[32m&amp#27;[1m"Current balance"&amp#27;[0m             &amp#27;[90m# com.example.finanzapp.cucumber.WebSteps.iSeeText(java.lang.String)&amp#27;[0m
]]></system-out>
  </testcase>
  <testcase name="Logout ends the session" classname="Authentication and protected access" time="0.121">
    <system-out><![CDATA[2026-02-16T20:57:26.404+01:00  INFO 19232 --- [finanzapp-mvp] [           main] t.c.s.AnnotationConfigContextLoaderUtils : Could not detect default configuration classes for test class [com.example.finanzapp.cucumber.CucumberSpringConfiguration]: CucumberSpringConfiguration does not declare any static, non-private, non-final, nested classes annotated with @Configuration.
2026-02-16T20:57:26.406+01:00  INFO 19232 --- [finanzapp-mvp] [           main] .b.t.c.SpringBootTestContextBootstrapper : Found @SpringBootConfiguration com.example.finanzapp.FinanzappApplication for test class com.example.finanzapp.cucumber.CucumberSpringConfiguration

Scenario: Logout ends the session  &amp#27;[90m# features/authentication.feature:58&amp#27;[0m
  &amp#27;[32mGiven &amp#27;[0m&amp#27;[32mI am logged in&amp#27;[0m             &amp#27;[90m# com.example.finanzapp.cucumber.WebSteps.iAmLoggedIn()&amp#27;[0m
  &amp#27;[32mWhen &amp#27;[0m&amp#27;[32mI post to &amp#27;[0m&amp#27;[32m&amp#27;[1m"/logout"&amp#27;[0m         &amp#27;[90m# com.example.finanzapp.cucumber.WebSteps.iPostTo(java.lang.String)&amp#27;[0m
  &amp#27;[32mThen &amp#27;[0m&amp#27;[32mI am redirected to &amp#27;[0m&amp#27;[32m&amp#27;[1m"/login"&amp#27;[0m &amp#27;[90m# com.example.finanzapp.cucumber.WebSteps.iAmRedirectedTo(java.lang.String)&amp#27;[0m
]]></system-out>
  </testcase>
  <testcase name="Overview shows balance and transactions modules" classname="Dashboard pages" time="0.138">
    <system-out><![CDATA[2026-02-16T20:57:26.525+01:00  INFO 19232 --- [finanzapp-mvp] [           main] t.c.s.AnnotationConfigContextLoaderUtils : Could not detect default configuration classes for test class [com.example.finanzapp.cucumber.CucumberSpringConfiguration]: CucumberSpringConfiguration does not declare any static, non-private, non-final, nested classes annotated with @Configuration.
2026-02-16T20:57:26.527+01:00  INFO 19232 --- [finanzapp-mvp] [           main] .b.t.c.SpringBootTestContextBootstrapper : Found @SpringBootConfiguration com.example.finanzapp.FinanzappApplication for test class com.example.finanzapp.cucumber.CucumberSpringConfiguration

Scenario: Overview shows balance and transactions modules &amp#27;[90m# features/dashboard.feature:2&amp#27;[0m
  &amp#27;[32mGiven &amp#27;[0m&amp#27;[32mI am logged in&amp#27;[0m                                    &amp#27;[90m# com.example.finanzapp.cucumber.WebSteps.iAmLoggedIn()&amp#27;[0m
  &amp#27;[32mWhen &amp#27;[0m&amp#27;[32mI request &amp#27;[0m&amp#27;[32m&amp#27;[1m"/overview"&amp#27;[0m                              &amp#27;[90m# com.example.finanzapp.cucumber.WebSteps.iRequest(java.lang.String)&amp#27;[0m
  &amp#27;[32mThen &amp#27;[0m&amp#27;[32mI see text &amp#27;[0m&amp#27;[32m&amp#27;[1m"Current balance"&amp#27;[0m                       &amp#27;[90m# com.example.finanzapp.cucumber.WebSteps.iSeeText(java.lang.String)&amp#27;[0m
  &amp#27;[32mAnd &amp#27;[0m&amp#27;[32mI see text &amp#27;[0m&amp#27;[32m&amp#27;[1m"Last bookings"&amp#27;[0m                          &amp#27;[90m# com.example.finanzapp.cucumber.WebSteps.iSeeText(java.lang.String)&amp#27;[0m
  &amp#27;[32mAnd &amp#27;[0m&amp#27;[32mI see text &amp#27;[0m&amp#27;[32m&amp#27;[1m"Upload CSV"&amp#27;[0m                             &amp#27;[90m# com.example.finanzapp.cucumber.WebSteps.iSeeText(java.lang.String)&amp#27;[0m
]]></system-out>
  </testcase>
  <testcase name="Transactions page shows filter form" classname="Dashboard pages" time="0.136">
    <system-out><![CDATA[2026-02-16T20:57:26.663+01:00  INFO 19232 --- [finanzapp-mvp] [           main] t.c.s.AnnotationConfigContextLoaderUtils : Could not detect default configuration classes for test class [com.example.finanzapp.cucumber.CucumberSpringConfiguration]: CucumberSpringConfiguration does not declare any static, non-private, non-final, nested classes annotated with @Configuration.
2026-02-16T20:57:26.664+01:00  INFO 19232 --- [finanzapp-mvp] [           main] .b.t.c.SpringBootTestContextBootstrapper : Found @SpringBootConfiguration com.example.finanzapp.FinanzappApplication for test class com.example.finanzapp.cucumber.CucumberSpringConfiguration

Scenario: Transactions page shows filter form &amp#27;[90m# features/dashboard.feature:9&amp#27;[0m
  &amp#27;[32mGiven &amp#27;[0m&amp#27;[32mI am logged in&amp#27;[0m                        &amp#27;[90m# com.example.finanzapp.cucumber.WebSteps.iAmLoggedIn()&amp#27;[0m
  &amp#27;[32mWhen &amp#27;[0m&amp#27;[32mI request &amp#27;[0m&amp#27;[32m&amp#27;[1m"/transactions"&amp#27;[0m              &amp#27;[90m# com.example.finanzapp.cucumber.WebSteps.iRequest(java.lang.String)&amp#27;[0m
  &amp#27;[32mThen &amp#27;[0m&amp#27;[32mI see text &amp#27;[0m&amp#27;[32m&amp#27;[1m"Min amount"&amp#27;[0m                &amp#27;[90m# com.example.finanzapp.cucumber.WebSteps.iSeeText(java.lang.String)&amp#27;[0m
  &amp#27;[32mAnd &amp#27;[0m&amp#27;[32mI see text &amp#27;[0m&amp#27;[32m&amp#27;[1m"Max amount"&amp#27;[0m                 &amp#27;[90m# com.example.finanzapp.cucumber.WebSteps.iSeeText(java.lang.String)&amp#27;[0m
]]></system-out>
  </testcase>
  <testcase name="Balance chart partial shows empty state" classname="HTMX partials" time="0.127">
    <system-out><![CDATA[2026-02-16T20:57:26.799+01:00  INFO 19232 --- [finanzapp-mvp] [           main] t.c.s.AnnotationConfigContextLoaderUtils : Could not detect default configuration classes for test class [com.example.finanzapp.cucumber.CucumberSpringConfiguration]: CucumberSpringConfiguration does not declare any static, non-private, non-final, nested classes annotated with @Configuration.
2026-02-16T20:57:26.800+01:00  INFO 19232 --- [finanzapp-mvp] [           main] .b.t.c.SpringBootTestContextBootstrapper : Found @SpringBootConfiguration com.example.finanzapp.FinanzappApplication for test class com.example.finanzapp.cucumber.CucumberSpringConfiguration

Scenario: Balance chart partial shows empty state &amp#27;[90m# features/partials.feature:2&amp#27;[0m
  &amp#27;[32mGiven &amp#27;[0m&amp#27;[32mI am logged in&amp#27;[0m                            &amp#27;[90m# com.example.finanzapp.cucumber.WebSteps.iAmLoggedIn()&amp#27;[0m
  &amp#27;[32mWhen &amp#27;[0m&amp#27;[32mI request &amp#27;[0m&amp#27;[32m&amp#27;[1m"/partials/balance-chart"&amp#27;[0m        &amp#27;[90m# com.example.finanzapp.cucumber.WebSteps.iRequest(java.lang.String)&amp#27;[0m
  &amp#27;[32mThen &amp#27;[0m&amp#27;[32mI see text &amp#27;[0m&amp#27;[32m&amp#27;[1m"No balance data available."&amp#27;[0m    &amp#27;[90m# com.example.finanzapp.cucumber.WebSteps.iSeeText(java.lang.String)&amp#27;[0m
]]></system-out>
  </testcase>
  <testcase name="Recent transactions partial shows empty state" classname="HTMX partials" time="0.128">
    <system-out><![CDATA[2026-02-16T20:57:26.926+01:00  INFO 19232 --- [finanzapp-mvp] [           main] t.c.s.AnnotationConfigContextLoaderUtils : Could not detect default configuration classes for test class [com.example.finanzapp.cucumber.CucumberSpringConfiguration]: CucumberSpringConfiguration does not declare any static, non-private, non-final, nested classes annotated with @Configuration.
2026-02-16T20:57:26.927+01:00  INFO 19232 --- [finanzapp-mvp] [           main] .b.t.c.SpringBootTestContextBootstrapper : Found @SpringBootConfiguration com.example.finanzapp.FinanzappApplication for test class com.example.finanzapp.cucumber.CucumberSpringConfiguration

Scenario: Recent transactions partial shows empty state &amp#27;[90m# features/partials.feature:7&amp#27;[0m
  &amp#27;[32mGiven &amp#27;[0m&amp#27;[32mI am logged in&amp#27;[0m                                  &amp#27;[90m# com.example.finanzapp.cucumber.WebSteps.iAmLoggedIn()&amp#27;[0m
  &amp#27;[32mWhen &amp#27;[0m&amp#27;[32mI request &amp#27;[0m&amp#27;[32m&amp#27;[1m"/partials/recent-transactions"&amp#27;[0m        &amp#27;[90m# com.example.finanzapp.cucumber.WebSteps.iRequest(java.lang.String)&amp#27;[0m
  &amp#27;[32mThen &amp#27;[0m&amp#27;[32mI see text &amp#27;[0m&amp#27;[32m&amp#27;[1m"No transactions yet."&amp#27;[0m                &amp#27;[90m# com.example.finanzapp.cucumber.WebSteps.iSeeText(java.lang.String)&amp#27;[0m
]]></system-out>
  </testcase>
  <testcase name="Transactions table partial shows empty state" classname="HTMX partials" time="0.119">
    <system-out><![CDATA[2026-02-16T20:57:27.054+01:00  INFO 19232 --- [finanzapp-mvp] [           main] t.c.s.AnnotationConfigContextLoaderUtils : Could not detect default configuration classes for test class [com.example.finanzapp.cucumber.CucumberSpringConfiguration]: CucumberSpringConfiguration does not declare any static, non-private, non-final, nested classes annotated with @Configuration.
2026-02-16T20:57:27.055+01:00  INFO 19232 --- [finanzapp-mvp] [           main] .b.t.c.SpringBootTestContextBootstrapper : Found @SpringBootConfiguration com.example.finanzapp.FinanzappApplication for test class com.example.finanzapp.cucumber.CucumberSpringConfiguration

Scenario: Transactions table partial shows empty state &amp#27;[90m# features/partials.feature:12&amp#27;[0m
  &amp#27;[32mGiven &amp#27;[0m&amp#27;[32mI am logged in&amp#27;[0m                                 &amp#27;[90m# com.example.finanzapp.cucumber.WebSteps.iAmLoggedIn()&amp#27;[0m
  &amp#27;[32mWhen &amp#27;[0m&amp#27;[32mI request &amp#27;[0m&amp#27;[32m&amp#27;[1m"/partials/transactions-table"&amp#27;[0m        &amp#27;[90m# com.example.finanzapp.cucumber.WebSteps.iRequest(java.lang.String)&amp#27;[0m
  &amp#27;[32mThen &amp#27;[0m&amp#27;[32mI see text &amp#27;[0m&amp#27;[32m&amp#27;[1m"No transactions to show."&amp#27;[0m           &amp#27;[90m# com.example.finanzapp.cucumber.WebSteps.iSeeText(java.lang.String)&amp#27;[0m
]]></system-out>
  </testcase>
  <testcase name="Settings page shows data actions" classname="Settings actions" time="0.129">
    <system-out><![CDATA[2026-02-16T20:57:27.173+01:00  INFO 19232 --- [finanzapp-mvp] [           main] t.c.s.AnnotationConfigContextLoaderUtils : Could not detect default configuration classes for test class [com.example.finanzapp.cucumber.CucumberSpringConfiguration]: CucumberSpringConfiguration does not declare any static, non-private, non-final, nested classes annotated with @Configuration.
2026-02-16T20:57:27.174+01:00  INFO 19232 --- [finanzapp-mvp] [           main] .b.t.c.SpringBootTestContextBootstrapper : Found @SpringBootConfiguration com.example.finanzapp.FinanzappApplication for test class com.example.finanzapp.cucumber.CucumberSpringConfiguration

Scenario: Settings page shows data actions &amp#27;[90m# features/settings.feature:2&amp#27;[0m
  &amp#27;[32mGiven &amp#27;[0m&amp#27;[32mI am logged in&amp#27;[0m                     &amp#27;[90m# com.example.finanzapp.cucumber.WebSteps.iAmLoggedIn()&amp#27;[0m
  &amp#27;[32mWhen &amp#27;[0m&amp#27;[32mI request &amp#27;[0m&amp#27;[32m&amp#27;[1m"/settings"&amp#27;[0m               &amp#27;[90m# com.example.finanzapp.cucumber.WebSteps.iRequest(java.lang.String)&amp#27;[0m
  &amp#27;[32mThen &amp#27;[0m&amp#27;[32mI see text &amp#27;[0m&amp#27;[32m&amp#27;[1m"Import CSV"&amp#27;[0m             &amp#27;[90m# com.example.finanzapp.cucumber.WebSteps.iSeeText(java.lang.String)&amp#27;[0m
  &amp#27;[32mAnd &amp#27;[0m&amp#27;[32mI see text &amp#27;[0m&amp#27;[32m&amp#27;[1m"Upload CSV"&amp#27;[0m              &amp#27;[90m# com.example.finanzapp.cucumber.WebSteps.iSeeText(java.lang.String)&amp#27;[0m
  &amp#27;[32mAnd &amp#27;[0m&amp#27;[32mI see text &amp#27;[0m&amp#27;[32m&amp#27;[1m"Delete all data"&amp#27;[0m         &amp#27;[90m# com.example.finanzapp.cucumber.WebSteps.iSeeText(java.lang.String)&amp#27;[0m
  &amp#27;[32mAnd &amp#27;[0m&amp#27;[32mI see text &amp#27;[0m&amp#27;[32m&amp#27;[1m"Delete account"&amp#27;[0m          &amp#27;[90m# com.example.finanzapp.cucumber.WebSteps.iSeeText(java.lang.String)&amp#27;[0m
]]></system-out>
  </testcase>
  <testcase name="Update profile redirects to settings" classname="Settings actions" time="0.129">
    <system-out><![CDATA[2026-02-16T20:57:27.302+01:00  INFO 19232 --- [finanzapp-mvp] [           main] t.c.s.AnnotationConfigContextLoaderUtils : Could not detect default configuration classes for test class [com.example.finanzapp.cucumber.CucumberSpringConfiguration]: CucumberSpringConfiguration does not declare any static, non-private, non-final, nested classes annotated with @Configuration.
2026-02-16T20:57:27.303+01:00  INFO 19232 --- [finanzapp-mvp] [           main] .b.t.c.SpringBootTestContextBootstrapper : Found @SpringBootConfiguration com.example.finanzapp.FinanzappApplication for test class com.example.finanzapp.cucumber.CucumberSpringConfiguration

Scenario: Update profile redirects to settings &amp#27;[90m# features/settings.feature:10&amp#27;[0m
  &amp#27;[32mGiven &amp#27;[0m&amp#27;[32mI am logged in&amp#27;[0m                         &amp#27;[90m# com.example.finanzapp.cucumber.WebSteps.iAmLoggedIn()&amp#27;[0m
  &amp#27;[32mWhen &amp#27;[0m&amp#27;[32mI post to &amp#27;[0m&amp#27;[32m&amp#27;[1m"/settings/profile"&amp#27;[0m           &amp#27;[90m# com.example.finanzapp.cucumber.WebSteps.iPostTo(java.lang.String)&amp#27;[0m
  &amp#27;[32mThen &amp#27;[0m&amp#27;[32mI am redirected to &amp#27;[0m&amp#27;[32m&amp#27;[1m"/settings"&amp#27;[0m          &amp#27;[90m# com.example.finanzapp.cucumber.WebSteps.iAmRedirectedTo(java.lang.String)&amp#27;[0m
]]></system-out>
  </testcase>
  <testcase name="Update language redirects to settings" classname="Settings actions" time="0.123">
    <system-out><![CDATA[2026-02-16T20:57:27.431+01:00  INFO 19232 --- [finanzapp-mvp] [           main] t.c.s.AnnotationConfigContextLoaderUtils : Could not detect default configuration classes for test class [com.example.finanzapp.cucumber.CucumberSpringConfiguration]: CucumberSpringConfiguration does not declare any static, non-private, non-final, nested classes annotated with @Configuration.
2026-02-16T20:57:27.433+01:00  INFO 19232 --- [finanzapp-mvp] [           main] .b.t.c.SpringBootTestContextBootstrapper : Found @SpringBootConfiguration com.example.finanzapp.FinanzappApplication for test class com.example.finanzapp.cucumber.CucumberSpringConfiguration

Scenario: Update language redirects to settings &amp#27;[90m# features/settings.feature:15&amp#27;[0m
  &amp#27;[32mGiven &amp#27;[0m&amp#27;[32mI am logged in&amp#27;[0m                          &amp#27;[90m# com.example.finanzapp.cucumber.WebSteps.iAmLoggedIn()&amp#27;[0m
  &amp#27;[32mWhen &amp#27;[0m&amp#27;[32mI post to &amp#27;[0m&amp#27;[32m&amp#27;[1m"/settings/language"&amp#27;[0m           &amp#27;[90m# com.example.finanzapp.cucumber.WebSteps.iPostTo(java.lang.String)&amp#27;[0m
  &amp#27;[32mThen &amp#27;[0m&amp#27;[32mI am redirected to &amp#27;[0m&amp#27;[32m&amp#27;[1m"/settings"&amp#27;[0m           &amp#27;[90m# com.example.finanzapp.cucumber.WebSteps.iAmRedirectedTo(java.lang.String)&amp#27;[0m
]]></system-out>
  </testcase>
  <testcase name="Delete all data redirects to overview" classname="Settings actions" time="0.12">
    <system-out><![CDATA[2026-02-16T20:57:27.554+01:00  INFO 19232 --- [finanzapp-mvp] [           main] t.c.s.AnnotationConfigContextLoaderUtils : Could not detect default configuration classes for test class [com.example.finanzapp.cucumber.CucumberSpringConfiguration]: CucumberSpringConfiguration does not declare any static, non-private, non-final, nested classes annotated with @Configuration.
2026-02-16T20:57:27.555+01:00  INFO 19232 --- [finanzapp-mvp] [           main] .b.t.c.SpringBootTestContextBootstrapper : Found @SpringBootConfiguration com.example.finanzapp.FinanzappApplication for test class com.example.finanzapp.cucumber.CucumberSpringConfiguration

Scenario: Delete all data redirects to overview &amp#27;[90m# features/settings.feature:20&amp#27;[0m
  &amp#27;[32mGiven &amp#27;[0m&amp#27;[32mI am logged in&amp#27;[0m                          &amp#27;[90m# com.example.finanzapp.cucumber.WebSteps.iAmLoggedIn()&amp#27;[0m
  &amp#27;[32mWhen &amp#27;[0m&amp#27;[32mI post to &amp#27;[0m&amp#27;[32m&amp#27;[1m"/settings/delete-all-data"&amp#27;[0m    &amp#27;[90m# com.example.finanzapp.cucumber.WebSteps.iPostTo(java.lang.String)&amp#27;[0m
  &amp#27;[32mThen &amp#27;[0m&amp#27;[32mI am redirected to &amp#27;[0m&amp#27;[32m&amp#27;[1m"/overview"&amp#27;[0m           &amp#27;[90m# com.example.finanzapp.cucumber.WebSteps.iAmRedirectedTo(java.lang.String)&amp#27;[0m
]]></system-out>
  </testcase>
  <testcase name="Delete account redirects to login" classname="Settings actions" time="0.133">
    <system-out><![CDATA[2026-02-16T20:57:27.674+01:00  INFO 19232 --- [finanzapp-mvp] [           main] t.c.s.AnnotationConfigContextLoaderUtils : Could not detect default configuration classes for test class [com.example.finanzapp.cucumber.CucumberSpringConfiguration]: CucumberSpringConfiguration does not declare any static, non-private, non-final, nested classes annotated with @Configuration.
2026-02-16T20:57:27.675+01:00  INFO 19232 --- [finanzapp-mvp] [           main] .b.t.c.SpringBootTestContextBootstrapper : Found @SpringBootConfiguration com.example.finanzapp.FinanzappApplication for test class com.example.finanzapp.cucumber.CucumberSpringConfiguration

Scenario: Delete account redirects to login &amp#27;[90m# features/settings.feature:25&amp#27;[0m
  &amp#27;[32mGiven &amp#27;[0m&amp#27;[32mI am logged in&amp#27;[0m                      &amp#27;[90m# com.example.finanzapp.cucumber.WebSteps.iAmLoggedIn()&amp#27;[0m
  &amp#27;[32mWhen &amp#27;[0m&amp#27;[32mI post to &amp#27;[0m&amp#27;[32m&amp#27;[1m"/settings/delete-account"&amp#27;[0m &amp#27;[90m# com.example.finanzapp.cucumber.WebSteps.iPostTo(java.lang.String)&amp#27;[0m
  &amp#27;[32mThen &amp#27;[0m&amp#27;[32mI am redirected to &amp#27;[0m&amp#27;[32m&amp#27;[1m"/login"&amp#27;[0m          &amp#27;[90m# com.example.finanzapp.cucumber.WebSteps.iAmRedirectedTo(java.lang.String)&amp#27;[0m
]]></system-out>
  </testcase>
  <testcase name="Pagination splits long transaction lists" classname="Transaction list behavior" time="0.325">
    <system-out><![CDATA[2026-02-16T20:57:27.807+01:00  INFO 19232 --- [finanzapp-mvp] [           main] t.c.s.AnnotationConfigContextLoaderUtils : Could not detect default configuration classes for test class [com.example.finanzapp.cucumber.CucumberSpringConfiguration]: CucumberSpringConfiguration does not declare any static, non-private, non-final, nested classes annotated with @Configuration.
2026-02-16T20:57:27.809+01:00  INFO 19232 --- [finanzapp-mvp] [           main] .b.t.c.SpringBootTestContextBootstrapper : Found @SpringBootConfiguration com.example.finanzapp.FinanzappApplication for test class com.example.finanzapp.cucumber.CucumberSpringConfiguration

Scenario: Pagination splits long transaction lists &amp#27;[90m# features/transactions.feature:2&amp#27;[0m
  &amp#27;[32mGiven &amp#27;[0m&amp#27;[32mI am logged in as &amp#27;[0m&amp#27;[32m&amp#27;[1m"user@example.com"&amp#27;[0m       &amp#27;[90m# com.example.finanzapp.cucumber.WebSteps.iAmLoggedInAs(java.lang.String)&amp#27;[0m
  &amp#27;[32mAnd &amp#27;[0m&amp#27;[32mI have twelve transactions for pagination&amp#27;[0m    &amp#27;[90m# com.example.finanzapp.cucumber.WebSteps.iHaveTwelveTransactionsForPagination()&amp#27;[0m
  &amp#27;[32mWhen &amp#27;[0m&amp#27;[32mI request &amp#27;[0m&amp#27;[32m&amp#27;[1m"/transactions?page=0"&amp#27;[0m            &amp#27;[90m# com.example.finanzapp.cucumber.WebSteps.iRequest(java.lang.String)&amp#27;[0m
  &amp#27;[32mThen &amp#27;[0m&amp#27;[32mI see text &amp#27;[0m&amp#27;[32m&amp#27;[1m"TX-12"&amp#27;[0m                          &amp#27;[90m# com.example.finanzapp.cucumber.WebSteps.iSeeText(java.lang.String)&amp#27;[0m
  &amp#27;[32mAnd &amp#27;[0m&amp#27;[32mI do not see text &amp#27;[0m&amp#27;[32m&amp#27;[1m"TX-01"&amp#27;[0m                    &amp#27;[90m# com.example.finanzapp.cucumber.WebSteps.iDoNotSeeText(java.lang.String)&amp#27;[0m
  &amp#27;[32mAnd &amp#27;[0m&amp#27;[32mI see text &amp#27;[0m&amp#27;[32m&amp#27;[1m"Page 1 of 2"&amp#27;[0m                     &amp#27;[90m# com.example.finanzapp.cucumber.WebSteps.iSeeText(java.lang.String)&amp#27;[0m
  &amp#27;[32mWhen &amp#27;[0m&amp#27;[32mI request &amp#27;[0m&amp#27;[32m&amp#27;[1m"/transactions?page=1"&amp#27;[0m            &amp#27;[90m# com.example.finanzapp.cucumber.WebSteps.iRequest(java.lang.String)&amp#27;[0m
  &amp#27;[32mThen &amp#27;[0m&amp#27;[32mI see text &amp#27;[0m&amp#27;[32m&amp#27;[1m"TX-01"&amp#27;[0m                          &amp#27;[90m# com.example.finanzapp.cucumber.WebSteps.iSeeText(java.lang.String)&amp#27;[0m
  &amp#27;[32mAnd &amp#27;[0m&amp#27;[32mI see text &amp#27;[0m&amp#27;[32m&amp#27;[1m"Page 2 of 2"&amp#27;[0m                     &amp#27;[90m# com.example.finanzapp.cucumber.WebSteps.iSeeText(java.lang.String)&amp#27;[0m
]]></system-out>
  </testcase>
  <testcase name="Resetting filters restores the standard list" classname="Transaction list behavior" time="0.178">
    <system-out><![CDATA[2026-02-16T20:57:28.133+01:00  INFO 19232 --- [finanzapp-mvp] [           main] t.c.s.AnnotationConfigContextLoaderUtils : Could not detect default configuration classes for test class [com.example.finanzapp.cucumber.CucumberSpringConfiguration]: CucumberSpringConfiguration does not declare any static, non-private, non-final, nested classes annotated with @Configuration.
2026-02-16T20:57:28.134+01:00  INFO 19232 --- [finanzapp-mvp] [           main] .b.t.c.SpringBootTestContextBootstrapper : Found @SpringBootConfiguration com.example.finanzapp.FinanzappApplication for test class com.example.finanzapp.cucumber.CucumberSpringConfiguration

Scenario: Resetting filters restores the standard list &amp#27;[90m# features/transactions.feature:13&amp#27;[0m
  &amp#27;[32mGiven &amp#27;[0m&amp#27;[32mI am logged in as &amp#27;[0m&amp#27;[32m&amp#27;[1m"user@example.com"&amp#27;[0m           &amp#27;[90m# com.example.finanzapp.cucumber.WebSteps.iAmLoggedInAs(java.lang.String)&amp#27;[0m
  &amp#27;[32mAnd &amp#27;[0m&amp#27;[32mI have transactions for amount filtering&amp#27;[0m         &amp#27;[90m# com.example.finanzapp.cucumber.WebSteps.iHaveTransactionsForAmountFiltering()&amp#27;[0m
  &amp#27;[32mWhen &amp#27;[0m&amp#27;[32mI request &amp#27;[0m&amp#27;[32m&amp#27;[1m"/transactions?minAmount=100"&amp#27;[0m         &amp#27;[90m# com.example.finanzapp.cucumber.WebSteps.iRequest(java.lang.String)&amp#27;[0m
  &amp#27;[32mThen &amp#27;[0m&amp#27;[32mI see text &amp#27;[0m&amp#27;[32m&amp#27;[1m"Large expense"&amp#27;[0m                      &amp#27;[90m# com.example.finanzapp.cucumber.WebSteps.iSeeText(java.lang.String)&amp#27;[0m
  &amp#27;[32mAnd &amp#27;[0m&amp#27;[32mI do not see text &amp#27;[0m&amp#27;[32m&amp#27;[1m"Small expense"&amp#27;[0m                &amp#27;[90m# com.example.finanzapp.cucumber.WebSteps.iDoNotSeeText(java.lang.String)&amp#27;[0m
  &amp#27;[32mWhen &amp#27;[0m&amp#27;[32mI request &amp#27;[0m&amp#27;[32m&amp#27;[1m"/transactions"&amp#27;[0m                       &amp#27;[90m# com.example.finanzapp.cucumber.WebSteps.iRequest(java.lang.String)&amp#27;[0m
  &amp#27;[32mThen &amp#27;[0m&amp#27;[32mI see text &amp#27;[0m&amp#27;[32m&amp#27;[1m"Large expense"&amp#27;[0m                      &amp#27;[90m# com.example.finanzapp.cucumber.WebSteps.iSeeText(java.lang.String)&amp#27;[0m
  &amp#27;[32mAnd &amp#27;[0m&amp#27;[32mI see text &amp#27;[0m&amp#27;[32m&amp#27;[1m"Small expense"&amp#27;[0m                       &amp#27;[90m# com.example.finanzapp.cucumber.WebSteps.iSeeText(java.lang.String)&amp#27;[0m
]]></system-out>
  </testcase>
  <testcase name="Delete transaction redirects to list" classname="Transaction list behavior" time="0.142">
    <system-out><![CDATA[2026-02-16T20:57:28.311+01:00  INFO 19232 --- [finanzapp-mvp] [           main] t.c.s.AnnotationConfigContextLoaderUtils : Could not detect default configuration classes for test class [com.example.finanzapp.cucumber.CucumberSpringConfiguration]: CucumberSpringConfiguration does not declare any static, non-private, non-final, nested classes annotated with @Configuration.
2026-02-16T20:57:28.313+01:00  INFO 19232 --- [finanzapp-mvp] [           main] .b.t.c.SpringBootTestContextBootstrapper : Found @SpringBootConfiguration com.example.finanzapp.FinanzappApplication for test class com.example.finanzapp.cucumber.CucumberSpringConfiguration

Scenario: Delete transaction redirects to list &amp#27;[90m# features/transactions.feature:23&amp#27;[0m
  &amp#27;[32mGiven &amp#27;[0m&amp#27;[32mI am logged in&amp#27;[0m                         &amp#27;[90m# com.example.finanzapp.cucumber.WebSteps.iAmLoggedIn()&amp#27;[0m
  &amp#27;[32mWhen &amp#27;[0m&amp#27;[32mI post to &amp#27;[0m&amp#27;[32m&amp#27;[1m"/transactions/42/delete"&amp#27;[0m     &amp#27;[90m# com.example.finanzapp.cucumber.WebSteps.iPostTo(java.lang.String)&amp#27;[0m
  &amp#27;[32mThen &amp#27;[0m&amp#27;[32mI am redirected to &amp#27;[0m&amp#27;[32m&amp#27;[1m"/transactions"&amp#27;[0m      &amp#27;[90m# com.example.finanzapp.cucumber.WebSteps.iAmRedirectedTo(java.lang.String)&amp#27;[0m
]]></system-out>
  </testcase>
  <testcase name="Upload CSV and view transactions" classname="UI CSV import and filtering" time="2.176">
    <system-out><![CDATA[2026-02-16T20:57:28.453+01:00  INFO 19232 --- [finanzapp-mvp] [           main] t.c.s.AnnotationConfigContextLoaderUtils : Could not detect default configuration classes for test class [com.example.finanzapp.cucumber.CucumberSpringConfiguration]: CucumberSpringConfiguration does not declare any static, non-private, non-final, nested classes annotated with @Configuration.
2026-02-16T20:57:28.454+01:00  INFO 19232 --- [finanzapp-mvp] [           main] .b.t.c.SpringBootTestContextBootstrapper : Found @SpringBootConfiguration com.example.finanzapp.FinanzappApplication for test class com.example.finanzapp.cucumber.CucumberSpringConfiguration

@ui
Scenario: Upload CSV and view transactions              &amp#27;[90m# features/ui-transactions.feature:3&amp#27;[0m
2026-02-16T20:57:28.930+01:00  INFO 19232 --- [finanzapp-mvp] [o-auto-2-exec-1] o.a.c.c.C.[Tomcat-1].[localhost].[/]     : Initializing Spring DispatcherServlet 'dispatcherServlet'
2026-02-16T20:57:28.930+01:00  INFO 19232 --- [finanzapp-mvp] [o-auto-2-exec-1] o.s.web.servlet.DispatcherServlet        : Initializing Servlet 'dispatcherServlet'
2026-02-16T20:57:28.931+01:00  INFO 19232 --- [finanzapp-mvp] [o-auto-2-exec-1] o.s.web.servlet.DispatcherServlet        : Completed initialization in 1 ms
  &amp#27;[32mGiven &amp#27;[0m&amp#27;[32mI am logged in via UI&amp#27;[0m                           &amp#27;[90m# com.example.finanzapp.cucumber.UiSteps.iAmLoggedInViaUi()&amp#27;[0m
  &amp#27;[32mWhen &amp#27;[0m&amp#27;[32mI upload the sample CSV on overview&amp#27;[0m              &amp#27;[90m# com.example.finanzapp.cucumber.UiSteps.iUploadSampleCsv()&amp#27;[0m
  &amp#27;[32mAnd &amp#27;[0m&amp#27;[32mI open the transactions page&amp#27;[0m                      &amp#27;[90m# com.example.finanzapp.cucumber.UiSteps.iOpenTransactionsPage()&amp#27;[0m
  &amp#27;[32mThen &amp#27;[0m&amp#27;[32mI should see transaction name containing &amp#27;[0m&amp#27;[32m&amp#27;[1m"Markt"&amp#27;[0m &amp#27;[90m# com.example.finanzapp.cucumber.UiSteps.iShouldSeeTransactionName(java.lang.String)&amp#27;[0m
  &amp#27;[32mAnd &amp#27;[0m&amp#27;[32mI should see transaction amount &amp#27;[0m&amp#27;[32m&amp#27;[1m"-52.84 EUR"&amp#27;[0m      &amp#27;[90m# com.example.finanzapp.cucumber.UiSteps.iShouldSeeTransactionAmount(java.lang.String)&amp#27;[0m
]]></system-out>
  </testcase>
  <testcase name="Filter by min and max amount" classname="UI CSV import and filtering" time="1.786">
    <system-out><![CDATA[2026-02-16T20:57:30.630+01:00  INFO 19232 --- [finanzapp-mvp] [           main] t.c.s.AnnotationConfigContextLoaderUtils : Could not detect default configuration classes for test class [com.example.finanzapp.cucumber.CucumberSpringConfiguration]: CucumberSpringConfiguration does not declare any static, non-private, non-final, nested classes annotated with @Configuration.
2026-02-16T20:57:30.632+01:00  INFO 19232 --- [finanzapp-mvp] [           main] .b.t.c.SpringBootTestContextBootstrapper : Found @SpringBootConfiguration com.example.finanzapp.FinanzappApplication for test class com.example.finanzapp.cucumber.CucumberSpringConfiguration

@ui
Scenario: Filter by min and max amount                  &amp#27;[90m# features/ui-transactions.feature:10&amp#27;[0m
  &amp#27;[32mGiven &amp#27;[0m&amp#27;[32mI am logged in via UI&amp#27;[0m                           &amp#27;[90m# com.example.finanzapp.cucumber.UiSteps.iAmLoggedInViaUi()&amp#27;[0m
  &amp#27;[32mWhen &amp#27;[0m&amp#27;[32mI upload the sample CSV on overview&amp#27;[0m              &amp#27;[90m# com.example.finanzapp.cucumber.UiSteps.iUploadSampleCsv()&amp#27;[0m
  &amp#27;[32mAnd &amp#27;[0m&amp#27;[32mI open the transactions page&amp#27;[0m                      &amp#27;[90m# com.example.finanzapp.cucumber.UiSteps.iOpenTransactionsPage()&amp#27;[0m
  &amp#27;[32mAnd &amp#27;[0m&amp#27;[32mI filter transactions with min &amp#27;[0m&amp#27;[32m&amp#27;[1m"50"&amp#27;[0m&amp#27;[32m max &amp#27;[0m&amp#27;[32m&amp#27;[1m"100"&amp#27;[0m     &amp#27;[90m# com.example.finanzapp.cucumber.UiSteps.iFilterTransactionsWithRange(java.lang.String,java.lang.String)&amp#27;[0m
  &amp#27;[32mThen &amp#27;[0m&amp#27;[32mI should see transaction amount &amp#27;[0m&amp#27;[32m&amp#27;[1m"-52.84 EUR"&amp#27;[0m     &amp#27;[90m# com.example.finanzapp.cucumber.UiSteps.iShouldSeeTransactionAmount(java.lang.String)&amp#27;[0m
  &amp#27;[32mAnd &amp#27;[0m&amp#27;[32mI should see transaction amount &amp#27;[0m&amp#27;[32m&amp#27;[1m"-75.00 EUR"&amp#27;[0m      &amp#27;[90m# com.example.finanzapp.cucumber.UiSteps.iShouldSeeTransactionAmount(java.lang.String)&amp#27;[0m
  &amp#27;[32mAnd &amp#27;[0m&amp#27;[32mI should not see transaction amount &amp#27;[0m&amp#27;[32m&amp#27;[1m"-120.00 EUR"&amp#27;[0m &amp#27;[90m# com.example.finanzapp.cucumber.UiSteps.iShouldNotSeeTransactionAmount(java.lang.String)&amp#27;[0m
]]></system-out>
  </testcase>
  <testcase name="Reset filters restores the default table" classname="UI CSV import and filtering" time="1.867">
    <system-out><![CDATA[2026-02-16T20:57:32.416+01:00  INFO 19232 --- [finanzapp-mvp] [           main] t.c.s.AnnotationConfigContextLoaderUtils : Could not detect default configuration classes for test class [com.example.finanzapp.cucumber.CucumberSpringConfiguration]: CucumberSpringConfiguration does not declare any static, non-private, non-final, nested classes annotated with @Configuration.
2026-02-16T20:57:32.418+01:00  INFO 19232 --- [finanzapp-mvp] [           main] .b.t.c.SpringBootTestContextBootstrapper : Found @SpringBootConfiguration com.example.finanzapp.FinanzappApplication for test class com.example.finanzapp.cucumber.CucumberSpringConfiguration

@ui
Scenario: Reset filters restores the default table     &amp#27;[90m# features/ui-transactions.feature:19&amp#27;[0m
  &amp#27;[32mGiven &amp#27;[0m&amp#27;[32mI am logged in via UI&amp#27;[0m                          &amp#27;[90m# com.example.finanzapp.cucumber.UiSteps.iAmLoggedInViaUi()&amp#27;[0m
  &amp#27;[32mWhen &amp#27;[0m&amp#27;[32mI upload the sample CSV on overview&amp#27;[0m             &amp#27;[90m# com.example.finanzapp.cucumber.UiSteps.iUploadSampleCsv()&amp#27;[0m
  &amp#27;[32mAnd &amp#27;[0m&amp#27;[32mI open the transactions page&amp#27;[0m                     &amp#27;[90m# com.example.finanzapp.cucumber.UiSteps.iOpenTransactionsPage()&amp#27;[0m
  &amp#27;[32mAnd &amp#27;[0m&amp#27;[32mI filter transactions with min &amp#27;[0m&amp#27;[32m&amp#27;[1m"100"&amp#27;[0m&amp#27;[32m max &amp#27;[0m&amp#27;[32m&amp#27;[1m""&amp#27;[0m      &amp#27;[90m# com.example.finanzapp.cucumber.UiSteps.iFilterTransactionsWithRange(java.lang.String,java.lang.String)&amp#27;[0m
  &amp#27;[32mThen &amp#27;[0m&amp#27;[32mI should see transaction amount &amp#27;[0m&amp#27;[32m&amp#27;[1m"-120.00 EUR"&amp#27;[0m   &amp#27;[90m# com.example.finanzapp.cucumber.UiSteps.iShouldSeeTransactionAmount(java.lang.String)&amp#27;[0m
  &amp#27;[32mAnd &amp#27;[0m&amp#27;[32mI should not see transaction amount &amp#27;[0m&amp#27;[32m&amp#27;[1m"-52.84 EUR"&amp#27;[0m &amp#27;[90m# com.example.finanzapp.cucumber.UiSteps.iShouldNotSeeTransactionAmount(java.lang.String)&amp#27;[0m
  &amp#27;[32mAnd &amp#27;[0m&amp#27;[32mI reset the transaction filters&amp#27;[0m                  &amp#27;[90m# com.example.finanzapp.cucumber.UiSteps.iResetTheTransactionFilters()&amp#27;[0m
  &amp#27;[32mThen &amp#27;[0m&amp#27;[32mI should see transaction amount &amp#27;[0m&amp#27;[32m&amp#27;[1m"-120.00 EUR"&amp#27;[0m   &amp#27;[90m# com.example.finanzapp.cucumber.UiSteps.iShouldSeeTransactionAmount(java.lang.String)&amp#27;[0m
  &amp#27;[32mAnd &amp#27;[0m&amp#27;[32mI should see transaction amount &amp#27;[0m&amp#27;[32m&amp#27;[1m"-52.84 EUR"&amp#27;[0m     &amp#27;[90m# com.example.finanzapp.cucumber.UiSteps.iShouldSeeTransactionAmount(java.lang.String)&amp#27;[0m
]]></system-out>
  </testcase>
</testsuite>